  MenuPage.cpp
<<<<<<< HEAD
C:\Users\DELL\OneDrive\Documents\1st Year\ComProg1\FinalPronew1\Power6Rangers\MenuPage.h(75,1): error C2059: syntax error: '<<'
  (compiling source file 'MenuPage.cpp')
  
C:\Users\DELL\OneDrive\Documents\1st Year\ComProg1\FinalPronew1\Power6Rangers\MenuPage.h(78,1): error C2059: syntax error: '=='
  (compiling source file 'MenuPage.cpp')
  
C:\Users\DELL\OneDrive\Documents\1st Year\ComProg1\FinalPronew1\Power6Rangers\MenuPage.h(80,1): error C2059: syntax error: '>>'
  (compiling source file 'MenuPage.cpp')
  
C:\Users\DELL\OneDrive\Documents\1st Year\ComProg1\FinalPronew1\Power6Rangers\MenuPage.h(92,1): error C2059: syntax error: '<<'
  (compiling source file 'MenuPage.cpp')
  
C:\Users\DELL\OneDrive\Documents\1st Year\ComProg1\FinalPronew1\Power6Rangers\MenuPage.h(97,1): error C2059: syntax error: '=='
  (compiling source file 'MenuPage.cpp')
  
C:\Users\DELL\OneDrive\Documents\1st Year\ComProg1\FinalPronew1\Power6Rangers\MenuPage.h(101,1): error C2059: syntax error: '>>'
  (compiling source file 'MenuPage.cpp')
  
C:\Users\DELL\OneDrive\Documents\1st Year\ComProg1\FinalPronew1\Power6Rangers\MenuPage.h(113,1): error C2059: syntax error: '<<'
  (compiling source file 'MenuPage.cpp')
  
C:\Users\DELL\OneDrive\Documents\1st Year\ComProg1\FinalPronew1\Power6Rangers\MenuPage.h(118,1): error C2059: syntax error: '=='
  (compiling source file 'MenuPage.cpp')
  
C:\Users\DELL\OneDrive\Documents\1st Year\ComProg1\FinalPronew1\Power6Rangers\MenuPage.h(122,1): error C2059: syntax error: '>>'
  (compiling source file 'MenuPage.cpp')
  
C:\Users\DELL\OneDrive\Documents\1st Year\ComProg1\FinalPronew1\Power6Rangers\MenuPage.h(134,1): error C2059: syntax error: '<<'
  (compiling source file 'MenuPage.cpp')
  
C:\Users\DELL\OneDrive\Documents\1st Year\ComProg1\FinalPronew1\Power6Rangers\MenuPage.h(139,1): error C2059: syntax error: '=='
  (compiling source file 'MenuPage.cpp')
  
C:\Users\DELL\OneDrive\Documents\1st Year\ComProg1\FinalPronew1\Power6Rangers\MenuPage.h(143,1): error C2059: syntax error: '>>'
  (compiling source file 'MenuPage.cpp')
  
C:\Users\DELL\OneDrive\Documents\1st Year\ComProg1\FinalPronew1\Power6Rangers\MenuPage.h(163,1): error C2059: syntax error: '<<'
  (compiling source file 'MenuPage.cpp')
  
C:\Users\DELL\OneDrive\Documents\1st Year\ComProg1\FinalPronew1\Power6Rangers\MenuPage.h(165,1): error C2059: syntax error: '=='
  (compiling source file 'MenuPage.cpp')
  
  Start.cpp
C:\Users\DELL\OneDrive\Documents\1st Year\ComProg1\FinalPronew1\Power6Rangers\MenuPage.h(75,1): error C2059: syntax error: '<<'
  (compiling source file 'Start.cpp')
  
C:\Users\DELL\OneDrive\Documents\1st Year\ComProg1\FinalPronew1\Power6Rangers\MenuPage.h(78,1): error C2059: syntax error: '=='
  (compiling source file 'Start.cpp')
  
C:\Users\DELL\OneDrive\Documents\1st Year\ComProg1\FinalPronew1\Power6Rangers\MenuPage.h(80,1): error C2059: syntax error: '>>'
  (compiling source file 'Start.cpp')
  
C:\Users\DELL\OneDrive\Documents\1st Year\ComProg1\FinalPronew1\Power6Rangers\MenuPage.h(92,1): error C2059: syntax error: '<<'
  (compiling source file 'Start.cpp')
  
C:\Users\DELL\OneDrive\Documents\1st Year\ComProg1\FinalPronew1\Power6Rangers\MenuPage.h(97,1): error C2059: syntax error: '=='
  (compiling source file 'Start.cpp')
  
C:\Users\DELL\OneDrive\Documents\1st Year\ComProg1\FinalPronew1\Power6Rangers\MenuPage.h(101,1): error C2059: syntax error: '>>'
  (compiling source file 'Start.cpp')
  
C:\Users\DELL\OneDrive\Documents\1st Year\ComProg1\FinalPronew1\Power6Rangers\MenuPage.h(113,1): error C2059: syntax error: '<<'
  (compiling source file 'Start.cpp')
  
C:\Users\DELL\OneDrive\Documents\1st Year\ComProg1\FinalPronew1\Power6Rangers\MenuPage.h(118,1): error C2059: syntax error: '=='
  (compiling source file 'Start.cpp')
  
C:\Users\DELL\OneDrive\Documents\1st Year\ComProg1\FinalPronew1\Power6Rangers\MenuPage.h(122,1): error C2059: syntax error: '>>'
  (compiling source file 'Start.cpp')
  
C:\Users\DELL\OneDrive\Documents\1st Year\ComProg1\FinalPronew1\Power6Rangers\MenuPage.h(134,1): error C2059: syntax error: '<<'
  (compiling source file 'Start.cpp')
  
C:\Users\DELL\OneDrive\Documents\1st Year\ComProg1\FinalPronew1\Power6Rangers\MenuPage.h(139,1): error C2059: syntax error: '=='
  (compiling source file 'Start.cpp')
  
C:\Users\DELL\OneDrive\Documents\1st Year\ComProg1\FinalPronew1\Power6Rangers\MenuPage.h(143,1): error C2059: syntax error: '>>'
  (compiling source file 'Start.cpp')
  
C:\Users\DELL\OneDrive\Documents\1st Year\ComProg1\FinalPronew1\Power6Rangers\MenuPage.h(163,1): error C2059: syntax error: '<<'
  (compiling source file 'Start.cpp')
  
C:\Users\DELL\OneDrive\Documents\1st Year\ComProg1\FinalPronew1\Power6Rangers\MenuPage.h(165,1): error C2059: syntax error: '=='
  (compiling source file 'Start.cpp')
  
C:\Users\DELL\OneDrive\Documents\1st Year\ComProg1\FinalPronew1\Power6Rangers\Start.cpp(6,15): warning C4551: function call missing argument list
  Generating Code...
=======
  MoneyShow.cpp
  Start.cpp
D:\My_Work\Project\Git\PW6RG\Power6Rangers\Start.cpp(6,15): warning C4551: function call missing argument list
  WorkRand.cpp
<<<<<<< HEAD
C:\Users\Kanokwan Luksanaaree\Desktop\comprog003\Power6Rangers\Start.cpp(6,15): warning C4551: function call missing argument list
  WorkShow.cpp
  Generating Code...
  DailyRand.obj : MSIL module encountered; incremental linking is disabled for MSIL; performing full link
  Power6Rangers.vcxproj -> C:\Users\Kanokwan Luksanaaree\Desktop\comprog003\Power6Rangers\x64\Debug\Power6Rangers.exe
C:\Program Files\Microsoft Visual Studio\2022\Community\MSBuild\Current\Bin\amd64\Microsoft.Common.CurrentVersion.targets(5476,5): error MSB3541: Files has invalid value "<<<<<<< HEAD". Illegal characters in path.
=======
  WorkShow.cpp
  Generating Code...
  DailyRand.obj : MSIL module encountered; incremental linking is disabled for MSIL; performing full link
  Power6Rangers.vcxproj -> D:\My_Work\Project\Git\PW6RG\Power6Rangers\x64\Debug\Power6Rangers.exe
D:\Program Files\Visual Studio\MSBuild\Current\Bin\amd64\Microsoft.Common.CurrentVersion.targets(5476,5): error MSB3541: Files has invalid value "<<<<<<< HEAD". Illegal characters in path.
>>>>>>> 626b0f7aae92231238c56fd7f5043dc74b99f1fc
>>>>>>> 7489b8caf0691c85a1838caa31268c2d1e03b128
